2019-03-04 20:49:44,815 [1] WARN  Microsoft.AspNetCore.DataProtection.Repositories.EphemeralXmlRepository - Using an in-memory repository. Keys will not be persisted to storage.
2019-03-04 20:49:44,871 [1] WARN  Microsoft.AspNetCore.DataProtection.KeyManagement.XmlKeyManager - Neither user profile nor HKLM registry available. Using an ephemeral key repository. Protected data will be unavailable when application exits.
2019-03-04 20:49:44,888 [1] WARN  Microsoft.AspNetCore.DataProtection.KeyManagement.XmlKeyManager - No XML encryptor configured. Key {1212bcdc-33b0-4978-a212-de60f6b74bb1} may be persisted to storage in unencrypted form.
Application startup exception: Autofac.Core.DependencyResolutionException: An error occurred during the activation of a particular registration. See the inner exception for details. Registration: Activator = ISwaggerProvider (DelegateActivator), Services = [Swashbuckle.AspNetCore.Swagger.ISwaggerProvider], Lifetime = Autofac.Core.Lifetime.CurrentScopeLifetime, Sharing = None, Ownership = OwnedByLifetimeScope ---> Could not find file 'E:\詹宝华学习备份\OpenAuth.Core\OpenAuth.WebApi\bin\Debug\netcoreapp2.1\publish\OpenAuth.WebApi.xml'. (See inner exception for details.) ---> System.IO.FileNotFoundException: Could not find file 'E:\詹宝华学习备份\OpenAuth.Core\OpenAuth.WebApi\bin\Debug\netcoreapp2.1\publish\OpenAuth.WebApi.xml'.
   at System.IO.FileStream.ValidateFileHandle(SafeFileHandle fileHandle)
   at System.IO.FileStream.CreateFileOpenHandle(FileMode mode, FileShare share, FileOptions options)
   at System.IO.FileStream..ctor(String path, FileMode mode, FileAccess access, FileShare share, Int32 bufferSize, FileOptions options)
   at System.IO.FileStream..ctor(String path, FileMode mode, FileAccess access, FileShare share, Int32 bufferSize)
   at System.Xml.XmlDownloadManager.GetStream(Uri uri, ICredentials credentials, IWebProxy proxy, RequestCachePolicy cachePolicy)
   at System.Xml.XmlUrlResolver.GetEntity(Uri absoluteUri, String role, Type ofObjectToReturn)
   at System.Xml.XmlTextReaderImpl.OpenUrl()
   at System.Xml.XmlTextReaderImpl.Read()
   at System.Xml.XPath.XPathDocument.LoadFromReader(XmlReader reader, XmlSpace space)
   at System.Xml.XPath.XPathDocument..ctor(String uri, XmlSpace space)
   at Swashbuckle.AspNetCore.SwaggerGen.SwaggerGenOptions.<>c__DisplayClass31_0.<IncludeXmlComments>b__0()
   at Swashbuckle.AspNetCore.SwaggerGen.SwaggerGenOptions.CreateSwaggerProvider(IServiceProvider serviceProvider)
   at Autofac.Core.Activators.Delegate.DelegateActivator.ActivateInstance(IComponentContext context, IEnumerable`1 parameters)
   at Autofac.Core.Resolving.InstanceLookup.Activate(IEnumerable`1 parameters)
   --- End of inner exception stack trace ---
   at Autofac.Core.Resolving.InstanceLookup.Activate(IEnumerable`1 parameters)
   at Autofac.Core.Resolving.InstanceLookup.Execute()
   at Autofac.Core.Resolving.ResolveOperation.GetOrCreateInstance(ISharingLifetimeScope currentOperationScope, IComponentRegistration registration, IEnumerable`1 parameters)
   at Autofac.Core.Resolving.ResolveOperation.Execute(IComponentRegistration registration, IEnumerable`1 parameters)
   at Autofac.ResolutionExtensions.TryResolveService(IComponentContext context, Service service, IEnumerable`1 parameters, Object& instance)
   at Autofac.ResolutionExtensions.ResolveOptionalService(IComponentContext context, Service service, IEnumerable`1 parameters)
   at Microsoft.Extensions.Internal.ActivatorUtilities.ConstructorMatcher.CreateInstance(IServiceProvider provider)
   at Microsoft.Extensions.Internal.ActivatorUtilities.CreateInstance(IServiceProvider provider, Type instanceType, Object[] parameters)
   at Microsoft.AspNetCore.Builder.UseMiddlewareExtensions.<>c__DisplayClass4_0.<UseMiddleware>b__0(RequestDelegate next)
   at Microsoft.AspNetCore.Builder.Internal.ApplicationBuilder.Build()
   at Microsoft.AspNetCore.Hosting.Internal.WebHost.BuildApplication()
2019-03-04 20:49:45,425 [1] FATAL Microsoft.AspNetCore.Hosting.Internal.WebHost - Application startup exception
Autofac.Core.DependencyResolutionException: An error occurred during the activation of a particular registration. See the inner exception for details. Registration: Activator = ISwaggerProvider (DelegateActivator), Services = [Swashbuckle.AspNetCore.Swagger.ISwaggerProvider], Lifetime = Autofac.Core.Lifetime.CurrentScopeLifetime, Sharing = None, Ownership = OwnedByLifetimeScope ---> Could not find file 'E:\詹宝华学习备份\OpenAuth.Core\OpenAuth.WebApi\bin\Debug\netcoreapp2.1\publish\OpenAuth.WebApi.xml'. (See inner exception for details.) ---> System.IO.FileNotFoundException: Could not find file 'E:\詹宝华学习备份\OpenAuth.Core\OpenAuth.WebApi\bin\Debug\netcoreapp2.1\publish\OpenAuth.WebApi.xml'.
   at System.IO.FileStream.ValidateFileHandle(SafeFileHandle fileHandle)
   at System.IO.FileStream.CreateFileOpenHandle(FileMode mode, FileShare share, FileOptions options)
   at System.IO.FileStream..ctor(String path, FileMode mode, FileAccess access, FileShare share, Int32 bufferSize, FileOptions options)
   at System.IO.FileStream..ctor(String path, FileMode mode, FileAccess access, FileShare share, Int32 bufferSize)
   at System.Xml.XmlDownloadManager.GetStream(Uri uri, ICredentials credentials, IWebProxy proxy, RequestCachePolicy cachePolicy)
   at System.Xml.XmlUrlResolver.GetEntity(Uri absoluteUri, String role, Type ofObjectToReturn)
   at System.Xml.XmlTextReaderImpl.OpenUrl()
   at System.Xml.XmlTextReaderImpl.Read()
   at System.Xml.XPath.XPathDocument.LoadFromReader(XmlReader reader, XmlSpace space)
   at System.Xml.XPath.XPathDocument..ctor(String uri, XmlSpace space)
   at Swashbuckle.AspNetCore.SwaggerGen.SwaggerGenOptions.<>c__DisplayClass31_0.<IncludeXmlComments>b__0()
   at Swashbuckle.AspNetCore.SwaggerGen.SwaggerGenOptions.CreateSwaggerProvider(IServiceProvider serviceProvider)
   at Autofac.Core.Activators.Delegate.DelegateActivator.ActivateInstance(IComponentContext context, IEnumerable`1 parameters)
   at Autofac.Core.Resolving.InstanceLookup.Activate(IEnumerable`1 parameters)
   --- End of inner exception stack trace ---
   at Autofac.Core.Resolving.InstanceLookup.Activate(IEnumerable`1 parameters)
   at Autofac.Core.Resolving.InstanceLookup.Execute()
   at Autofac.Core.Resolving.ResolveOperation.GetOrCreateInstance(ISharingLifetimeScope currentOperationScope, IComponentRegistration registration, IEnumerable`1 parameters)
   at Autofac.Core.Resolving.ResolveOperation.Execute(IComponentRegistration registration, IEnumerable`1 parameters)
   at Autofac.ResolutionExtensions.TryResolveService(IComponentContext context, Service service, IEnumerable`1 parameters, Object& instance)
   at Autofac.ResolutionExtensions.ResolveOptionalService(IComponentContext context, Service service, IEnumerable`1 parameters)
   at Microsoft.Extensions.Internal.ActivatorUtilities.ConstructorMatcher.CreateInstance(IServiceProvider provider)
   at Microsoft.Extensions.Internal.ActivatorUtilities.CreateInstance(IServiceProvider provider, Type instanceType, Object[] parameters)
   at Microsoft.AspNetCore.Builder.UseMiddlewareExtensions.<>c__DisplayClass4_0.<UseMiddleware>b__0(RequestDelegate next)
   at Microsoft.AspNetCore.Builder.Internal.ApplicationBuilder.Build()
   at Microsoft.AspNetCore.Hosting.Internal.WebHost.BuildApplication()
Hosting environment: Production
Content root path: E:\詹宝华学习备份\OpenAuth.Core\OpenAuth.WebApi\bin\Debug\netcoreapp2.1\publish
Now listening on: http://127.0.0.1:1947
Application started. Press Ctrl+C to shut down.
Application is shutting down...
